{"numTotalTestSuites":10,"numPassedTestSuites":10,"numFailedTestSuites":0,"numPendingTestSuites":0,"numTotalTests":8,"numPassedTests":8,"numFailedTests":0,"numPendingTests":0,"numTodoTests":0,"snapshot":{"added":0,"failure":false,"filesAdded":0,"filesRemoved":0,"filesRemovedList":[],"filesUnmatched":0,"filesUpdated":0,"matched":0,"total":0,"unchecked":0,"uncheckedKeysByFile":[],"unmatched":0,"updated":0,"didUpdate":false},"startTime":1746471855830,"success":true,"testResults":[{"assertionResults":[{"ancestorTitles":["App Component"],"fullName":"App Component renders without crashing","status":"passed","title":"renders without crashing","duration":512.8814999999886,"failureMessages":[],"location":{"line":22,"column":3},"meta":{}}],"startTime":1746471944373,"endTime":1746471944885.8816,"status":"passed","message":"","name":"D:/CubiclesProject/Cubicals-main/frontend/src/__tests__/App.test.jsx"},{"assertionResults":[{"ancestorTitles":["Home Component"],"fullName":"Home Component renders hero section correctly","status":"passed","title":"renders hero section correctly","duration":2037.000299999996,"failureMessages":[],"location":{"line":33,"column":3},"meta":{}}],"startTime":1746471888062,"endTime":1746471890099.0002,"status":"passed","message":"","name":"D:/CubiclesProject/Cubicals-main/frontend/src/__tests__/components/Home.test.jsx"},{"assertionResults":[{"ancestorTitles":["JobDescription Component"],"fullName":"JobDescription Component renders job description component","status":"passed","title":"renders job description component","duration":511.89010000000053,"failureMessages":[],"location":{"line":33,"column":3},"meta":{}}],"startTime":1746471885501,"endTime":1746471886012.8901,"status":"passed","message":"","name":"D:/CubiclesProject/Cubicals-main/frontend/src/__tests__/components/JobDescription.test.jsx"},{"assertionResults":[{"ancestorTitles":["Login Component"],"fullName":"Login Component renders login form","status":"passed","title":"renders login form","duration":702.9192000000003,"failureMessages":[],"location":{"line":26,"column":3},"meta":{}},{"ancestorTitles":["Login Component"],"fullName":"Login Component validates email input","status":"passed","title":"validates email input","duration":159.1742000000013,"failureMessages":[],"location":{"line":37,"column":3},"meta":{}},{"ancestorTitles":["Login Component"],"fullName":"Login Component validates password input","status":"passed","title":"validates password input","duration":141.14270000000033,"failureMessages":[],"location":{"line":51,"column":3},"meta":{}},{"ancestorTitles":["Login Component"],"fullName":"Login Component submits form with valid data","status":"passed","title":"submits form with valid data","duration":658.6129000000001,"failureMessages":[],"location":{"line":65,"column":3},"meta":{}}],"startTime":1746471887146,"endTime":1746471888808.6128,"status":"passed","message":"","name":"D:/CubiclesProject/Cubicals-main/frontend/src/__tests__/components/auth/Login.test.jsx"},{"assertionResults":[{"ancestorTitles":["Navbar Component"],"fullName":"Navbar Component displays navigation links","status":"passed","title":"displays navigation links","duration":580.4079999999994,"failureMessages":[],"location":{"line":7,"column":3},"meta":{}}],"startTime":1746471894376,"endTime":1746471894956.408,"status":"passed","message":"","name":"D:/CubiclesProject/Cubicals-main/frontend/src/__tests__/components/shared/Navbar.test.jsx"}]}