{"numFailedTestSuites":0,"numFailedTests":0,"numPassedTestSuites":6,"numPassedTests":18,"numPendingTestSuites":0,"numPendingTests":0,"numRuntimeErrorTestSuites":0,"numTodoTests":0,"numTotalTestSuites":6,"numTotalTests":18,"openHandles":[],"snapshot":{"added":0,"didUpdate":false,"failure":false,"filesAdded":0,"filesRemoved":0,"filesRemovedList":[],"filesUnmatched":0,"filesUpdated":0,"matched":0,"total":0,"unchecked":0,"uncheckedKeysByFile":[],"unmatched":0,"updated":0},"startTime":1746310028271,"success":true,"testResults":[{"assertionResults":[{"ancestorTitles":["Job Model Test"],"duration":236,"failureDetails":[],"failureMessages":[],"fullName":"Job Model Test should create & save job successfully","invocations":1,"location":null,"numPassingAsserts":5,"retryReasons":[],"status":"passed","title":"should create & save job successfully"},{"ancestorTitles":["Job Model Test"],"duration":2,"failureDetails":[],"failureMessages":[],"fullName":"Job Model Test should fail to save job without required fields","invocations":1,"location":null,"numPassingAsserts":1,"retryReasons":[],"status":"passed","title":"should fail to save job without required fields"},{"ancestorTitles":["Job Model Test"],"duration":2,"failureDetails":[],"failureMessages":[],"fullName":"Job Model Test should fail to save job with invalid company reference","invocations":1,"location":null,"numPassingAsserts":1,"retryReasons":[],"status":"passed","title":"should fail to save job with invalid company reference"}],"endTime":1746310031993,"message":"","name":"D:\\Projects\\My projects\\Cubicals-main\\backend\\__tests__\\models\\job.test.js","startTime":1746310028769,"status":"passed","summary":""},{"assertionResults":[{"ancestorTitles":["Application Model Test"],"duration":267,"failureDetails":[],"failureMessages":[],"fullName":"Application Model Test should create & save application successfully","invocations":1,"location":null,"numPassingAsserts":4,"retryReasons":[],"status":"passed","title":"should create & save application successfully"},{"ancestorTitles":["Application Model Test"],"duration":2,"failureDetails":[],"failureMessages":[],"fullName":"Application Model Test should fail to save application without required fields","invocations":1,"location":null,"numPassingAsserts":1,"retryReasons":[],"status":"passed","title":"should fail to save application without required fields"},{"ancestorTitles":["Application Model Test"],"duration":2,"failureDetails":[],"failureMessages":[],"fullName":"Application Model Test should fail to save application with invalid status","invocations":1,"location":null,"numPassingAsserts":1,"retryReasons":[],"status":"passed","title":"should fail to save application with invalid status"}],"endTime":1746310031992,"message":"","name":"D:\\Projects\\My projects\\Cubicals-main\\backend\\__tests__\\models\\application.test.js","startTime":1746310028764,"status":"passed","summary":""},{"assertionResults":[{"ancestorTitles":["Company Model Test"],"duration":265,"failureDetails":[],"failureMessages":[],"fullName":"Company Model Test should create & save company successfully","invocations":1,"location":null,"numPassingAsserts":5,"retryReasons":[],"status":"passed","title":"should create & save company successfully"},{"ancestorTitles":["Company Model Test"],"duration":2,"failureDetails":[],"failureMessages":[],"fullName":"Company Model Test should fail to save company without required fields","invocations":1,"location":null,"numPassingAsserts":1,"retryReasons":[],"status":"passed","title":"should fail to save company without required fields"},{"ancestorTitles":["Company Model Test"],"duration":2,"failureDetails":[],"failureMessages":[],"fullName":"Company Model Test should fail to save company with invalid userId reference","invocations":1,"location":null,"numPassingAsserts":1,"retryReasons":[],"status":"passed","title":"should fail to save company with invalid userId reference"}],"endTime":1746310031992,"message":"","name":"D:\\Projects\\My projects\\Cubicals-main\\backend\\__tests__\\models\\company.test.js","startTime":1746310028772,"status":"passed","summary":""},{"assertionResults":[{"ancestorTitles":["User Model Test"],"duration":274,"failureDetails":[],"failureMessages":[],"fullName":"User Model Test should create & save user successfully","invocations":1,"location":null,"numPassingAsserts":5,"retryReasons":[],"status":"passed","title":"should create & save user successfully"},{"ancestorTitles":["User Model Test"],"duration":3,"failureDetails":[],"failureMessages":[],"fullName":"User Model Test should fail to save user without required fields","invocations":1,"location":null,"numPassingAsserts":1,"retryReasons":[],"status":"passed","title":"should fail to save user without required fields"},{"ancestorTitles":["User Model Test"],"duration":53,"failureDetails":[],"failureMessages":[],"fullName":"User Model Test should fail to save user with invalid email format","invocations":1,"location":null,"numPassingAsserts":1,"retryReasons":[],"status":"passed","title":"should fail to save user with invalid email format"},{"ancestorTitles":["User Model Test"],"duration":2,"failureDetails":[],"failureMessages":[],"fullName":"User Model Test should fail to save user with invalid role","invocations":1,"location":null,"numPassingAsserts":1,"retryReasons":[],"status":"passed","title":"should fail to save user with invalid role"}],"endTime":1746310032049,"message":"","name":"D:\\Projects\\My projects\\Cubicals-main\\backend\\__tests__\\models\\user.test.js","startTime":1746310028728,"status":"passed","summary":""},{"assertionResults":[{"ancestorTitles":["Blog Model Test"],"duration":252,"failureDetails":[],"failureMessages":[],"fullName":"Blog Model Test should create & save blog post successfully","invocations":1,"location":null,"numPassingAsserts":6,"retryReasons":[],"status":"passed","title":"should create & save blog post successfully"},{"ancestorTitles":["Blog Model Test"],"duration":3,"failureDetails":[],"failureMessages":[],"fullName":"Blog Model Test should fail to save blog without required fields","invocations":1,"location":null,"numPassingAsserts":1,"retryReasons":[],"status":"passed","title":"should fail to save blog without required fields"},{"ancestorTitles":["Blog Model Test"],"duration":32,"failureDetails":[],"failureMessages":[],"fullName":"Blog Model Test should save blog without optional fields","invocations":1,"location":null,"numPassingAsserts":3,"retryReasons":[],"status":"passed","title":"should save blog without optional fields"}],"endTime":1746310032057,"message":"","name":"D:\\Projects\\My projects\\Cubicals-main\\backend\\__tests__\\models\\blog.test.js","startTime":1746310028733,"status":"passed","summary":""},{"assertionResults":[{"ancestorTitles":["Database Performance Tests"],"duration":618,"failureDetails":[],"failureMessages":[],"fullName":"Database Performance Tests should measure collection statistics","invocations":1,"location":null,"numPassingAsserts":1,"retryReasons":[],"status":"passed","title":"should measure collection statistics"},{"ancestorTitles":["Database Performance Tests"],"duration":115,"failureDetails":[],"failureMessages":[],"fullName":"Database Performance Tests should measure index performance","invocations":1,"location":null,"numPassingAsserts":1,"retryReasons":[],"status":"passed","title":"should measure index performance"}],"endTime":1746310032426,"message":"","name":"D:\\Projects\\My projects\\Cubicals-main\\backend\\Benchmarks\\test.js","startTime":1746310028728,"status":"passed","summary":""}],"wasInterrupted":false}
